<?xml version="1.0" encoding="UTF-8"?>
<!-- Generated by org.testng.reporters.JUnitXMLReporter -->
<testsuite ignored="1" hostname="DESKTOP-G1F3SKE" failures="0" tests="1" name="Default test" time="0.59" errors="0" timestamp="2022-06-12T08:26:24 GMT-04:00">
  <testcase classname="com.test.LoginTest" name="SignUpTest" time="0.566"/>
  <testcase classname="com.test.LoginTest" name="LoginTestScenrio" time="0.0">
    <ignored/>
  </testcase> <!-- LoginTestScenrio -->
</testsuite> <!-- Default test -->
