<?xml version="1.0" encoding="UTF-8"?>
<testng-results ignored="1" total="2" passed="1" failed="0" skipped="0">
  <reporter-output>
  </reporter-output>
  <suite started-at="2022-06-12T08:26:23 GMT-04:00" name="Default suite" finished-at="2022-06-12T08:26:24 GMT-04:00" duration-ms="590">
    <groups>
    </groups>
    <test started-at="2022-06-12T08:26:23 GMT-04:00" name="Default test" finished-at="2022-06-12T08:26:24 GMT-04:00" duration-ms="590">
      <class name="com.test.LoginTest">
        <test-method signature="SignUpTest()[pri:0, instance:com.test.LoginTest@c33b74f]" started-at="2022-06-12T08:26:23 GMT-04:00" name="SignUpTest" finished-at="2022-06-12T08:26:24 GMT-04:00" duration-ms="566" status="PASS">
          <reporter-output>
          </reporter-output>
        </test-method> <!-- SignUpTest -->
      </class> <!-- com.test.LoginTest -->
    </test> <!-- Default test -->
  </suite> <!-- Default suite -->
</testng-results>
